<?xml version="1.0" encoding="UTF-8"?>
<testsuite xmlns:xsi="http://www.w3.org/2001/XMLSchema-instance" xsi:noNamespaceSchemaLocation="https://maven.apache.org/surefire/maven-surefire-plugin/xsd/surefire-test-report.xsd" name="pet.domain.PetTest" time="0.192" tests="7" errors="7" skipped="0" failures="0">
  <properties>
[...]
</properties>
  <testcase name="exampleTest" classname="pet.domain.PetTest" time="0.021">
    <error message="Not implemented yet, replace with your empty entity state" type="java.lang.UnsupportedOperationException">java.lang.UnsupportedOperationException: Not implemented yet, replace with your empty entity state
	at pet.domain.PetTest.exampleTest(PetTest.java:20)
</error>
  </testcase>
  <testcase name="editAdopterAddressTest" classname="pet.domain.PetTest" time="0.002">
    <error message="Not implemented yet, replace with your empty entity state" type="java.lang.UnsupportedOperationException">java.lang.UnsupportedOperationException: Not implemented yet, replace with your empty entity state
	at pet.domain.PetTest.editAdopterAddressTest(PetTest.java:68)
</error>
  </testcase>
  <testcase name="editPetTypeTest" classname="pet.domain.PetTest" time="0.002">
    <error message="Not implemented yet, replace with your empty entity state" type="java.lang.UnsupportedOperationException">java.lang.UnsupportedOperationException: Not implemented yet, replace with your empty entity state
	at pet.domain.PetTest.editPetTypeTest(PetTest.java:47)
</error>
  </testcase>
  <testcase name="newAdoptionTest" classname="pet.domain.PetTest" time="0.002">
    <error message="Not implemented yet, replace with your empty entity state" type="java.lang.UnsupportedOperationException">java.lang.UnsupportedOperationException: Not implemented yet, replace with your empty entity state
	at pet.domain.PetTest.newAdoptionTest(PetTest.java:33)
</error>
  </testcase>
  <testcase name="editAdopterNameTest" classname="pet.domain.PetTest" time="0.002">
    <error message="Not implemented yet, replace with your empty entity state" type="java.lang.UnsupportedOperationException">java.lang.UnsupportedOperationException: Not implemented yet, replace with your empty entity state
	at pet.domain.PetTest.editAdopterNameTest(PetTest.java:61)
</error>
  </testcase>
  <testcase name="retrievePetDetailsTest" classname="pet.domain.PetTest" time="0.002">
    <error message="Not implemented yet, replace with your empty entity state" type="java.lang.UnsupportedOperationException">java.lang.UnsupportedOperationException: Not implemented yet, replace with your empty entity state
	at pet.domain.PetTest.retrievePetDetailsTest(PetTest.java:40)
</error>
  </testcase>
  <testcase name="editPetGenderTest" classname="pet.domain.PetTest" time="0.005">
    <error message="Not implemented yet, replace with your empty entity state" type="java.lang.UnsupportedOperationException">java.lang.UnsupportedOperationException: Not implemented yet, replace with your empty entity state
	at pet.domain.PetTest.editPetGenderTest(PetTest.java:54)
</error>
  </testcase>
</testsuite>